2014-10-25 15:08:15,014 - twitternews - INFO - Requesting from @BBCPolitics and write to tw_bbcpolitics.news
2014-10-25 15:08:15,877 - twitternews - INFO - Opened output file tw_bbcpolitics.news
2014-10-25 15:08:15,878 - twitternews - INFO - Writing 200 results from BBCPolitics


2014-10-25 15:08:20,887 - twitternews - INFO - Requesting from @cnnpolitics and write to tw_cnnpolitics.news
2014-10-25 15:08:21,918 - twitternews - INFO - Opened output file tw_cnnpolitics.news
2014-10-25 15:08:21,918 - twitternews - INFO - Writing 197 results from cnnpolitics


2014-10-25 15:08:26,929 - twitternews - INFO - Requesting from @WorldSportCNN and write to tw_cnnsport.news
2014-10-25 15:08:27,917 - twitternews - INFO - Opened output file tw_cnnsport.news
2014-10-25 15:08:27,917 - twitternews - INFO - Writing 198 results from WorldSportCNN


2014-10-25 15:08:32,927 - twitternews - INFO - Requesting from @BBCSport and write to tw_bbcsport.news
2014-10-25 15:08:33,992 - twitternews - INFO - Opened output file tw_bbcsport.news
2014-10-25 15:08:33,993 - twitternews - INFO - Writing 200 results from BBCSport


2014-10-25 15:08:39,005 - twitternews - INFO - Requesting from @cnntech and write to tw_cnntech.news
2014-10-25 15:08:39,985 - twitternews - INFO - Opened output file tw_cnntech.news
2014-10-25 15:08:39,985 - twitternews - INFO - Writing 199 results from cnntech


2014-10-25 15:08:44,993 - twitternews - INFO - Requesting from @BBCTech and write to tw_bbctech.news
2014-10-25 15:08:45,753 - twitternews - INFO - Opened output file tw_bbctech.news
2014-10-25 15:08:45,753 - twitternews - INFO - Writing 200 results from BBCTech


2014-10-25 15:08:50,763 - twitternews - INFO - Requesting from @BBCPolitics and write to tw_bbcpolitics.news
2014-10-25 15:08:51,250 - twitternews - INFO - Opened output file tw_bbcpolitics.news
2014-10-25 15:08:51,251 - twitternews - INFO - Writing 0 results from BBCPolitics


2014-10-25 15:08:56,256 - twitternews - INFO - Requesting from @cnnpolitics and write to tw_cnnpolitics.news
2014-10-25 15:08:56,744 - twitternews - INFO - Opened output file tw_cnnpolitics.news
2014-10-25 15:08:56,745 - twitternews - INFO - Writing 0 results from cnnpolitics


2014-10-25 15:09:01,750 - twitternews - INFO - Requesting from @WorldSportCNN and write to tw_cnnsport.news
2014-10-25 15:09:02,224 - twitternews - INFO - Opened output file tw_cnnsport.news
2014-10-25 15:09:02,224 - twitternews - INFO - Writing 0 results from WorldSportCNN


2014-10-25 15:09:07,229 - twitternews - INFO - Requesting from @BBCSport and write to tw_bbcsport.news
2014-10-25 15:09:07,702 - twitternews - INFO - Opened output file tw_bbcsport.news
2014-10-25 15:09:07,703 - twitternews - INFO - Writing 0 results from BBCSport


2014-10-25 15:09:12,708 - twitternews - INFO - Requesting from @cnntech and write to tw_cnntech.news
2014-10-25 15:09:13,194 - twitternews - INFO - Opened output file tw_cnntech.news
2014-10-25 15:09:13,194 - twitternews - INFO - Writing 0 results from cnntech


2014-10-25 15:09:18,199 - twitternews - INFO - Requesting from @BBCTech and write to tw_bbctech.news
2014-10-25 15:09:18,713 - twitternews - INFO - Opened output file tw_bbctech.news
2014-10-25 15:09:18,713 - twitternews - INFO - Writing 0 results from BBCTech


2014-10-25 15:09:23,718 - twitternews - INFO - Requesting from @BBCPolitics and write to tw_bbcpolitics.news
2014-10-25 15:09:24,193 - twitternews - INFO - Opened output file tw_bbcpolitics.news
2014-10-25 15:09:24,193 - twitternews - INFO - Writing 0 results from BBCPolitics


2014-10-25 15:09:29,198 - twitternews - INFO - Requesting from @cnnpolitics and write to tw_cnnpolitics.news
2014-10-25 15:09:29,675 - twitternews - INFO - Opened output file tw_cnnpolitics.news
2014-10-25 15:09:29,676 - twitternews - INFO - Writing 0 results from cnnpolitics


2014-10-25 15:09:34,681 - twitternews - INFO - Requesting from @WorldSportCNN and write to tw_cnnsport.news
2014-10-25 15:09:35,161 - twitternews - INFO - Opened output file tw_cnnsport.news
2014-10-25 15:09:35,162 - twitternews - INFO - Writing 0 results from WorldSportCNN


2014-10-25 15:09:40,167 - twitternews - INFO - Requesting from @BBCSport and write to tw_bbcsport.news
2014-10-25 15:09:40,640 - twitternews - INFO - Opened output file tw_bbcsport.news
2014-10-25 15:09:40,641 - twitternews - INFO - Writing 0 results from BBCSport


2014-10-25 15:09:45,646 - twitternews - INFO - Requesting from @cnntech and write to tw_cnntech.news
2014-10-25 15:09:46,147 - twitternews - INFO - Opened output file tw_cnntech.news
2014-10-25 15:09:46,147 - twitternews - INFO - Writing 0 results from cnntech


2014-10-25 15:09:51,151 - twitternews - INFO - Requesting from @BBCTech and write to tw_bbctech.news
2014-10-25 15:09:51,643 - twitternews - INFO - Opened output file tw_bbctech.news
2014-10-25 15:09:51,643 - twitternews - INFO - Writing 0 results from BBCTech


2014-10-25 15:09:56,645 - twitternews - INFO - Requesting from @BBCPolitics and write to tw_bbcpolitics.news
2014-10-25 15:09:57,127 - twitternews - INFO - Opened output file tw_bbcpolitics.news
2014-10-25 15:09:57,128 - twitternews - INFO - Writing 0 results from BBCPolitics


2014-10-25 15:10:02,130 - twitternews - INFO - Requesting from @cnnpolitics and write to tw_cnnpolitics.news
2014-10-25 15:10:02,599 - twitternews - INFO - Opened output file tw_cnnpolitics.news
2014-10-25 15:10:02,599 - twitternews - INFO - Writing 0 results from cnnpolitics


2014-10-25 15:10:07,604 - twitternews - INFO - Requesting from @WorldSportCNN and write to tw_cnnsport.news
2014-10-25 15:10:08,155 - twitternews - INFO - Opened output file tw_cnnsport.news
2014-10-25 15:10:08,155 - twitternews - INFO - Writing 0 results from WorldSportCNN


2014-10-25 15:10:13,159 - twitternews - INFO - Requesting from @BBCSport and write to tw_bbcsport.news
2014-10-25 15:10:13,640 - twitternews - INFO - Opened output file tw_bbcsport.news
2014-10-25 15:10:13,640 - twitternews - INFO - Writing 0 results from BBCSport


2014-10-25 15:10:18,645 - twitternews - INFO - Requesting from @cnntech and write to tw_cnntech.news
2014-10-25 15:10:19,119 - twitternews - INFO - Opened output file tw_cnntech.news
2014-10-25 15:10:19,119 - twitternews - INFO - Writing 0 results from cnntech


2014-10-25 15:10:24,124 - twitternews - INFO - Requesting from @BBCTech and write to tw_bbctech.news
2014-10-25 15:10:24,634 - twitternews - INFO - Opened output file tw_bbctech.news
2014-10-25 15:10:24,634 - twitternews - INFO - Writing 0 results from BBCTech


2014-10-25 15:10:29,639 - twitternews - INFO - Requesting from @BBCPolitics and write to tw_bbcpolitics.news
2014-10-25 15:10:30,129 - twitternews - INFO - Opened output file tw_bbcpolitics.news
2014-10-25 15:10:30,129 - twitternews - INFO - Writing 0 results from BBCPolitics


2014-10-25 15:10:35,135 - twitternews - INFO - Requesting from @cnnpolitics and write to tw_cnnpolitics.news
2014-10-25 15:10:35,606 - twitternews - INFO - Opened output file tw_cnnpolitics.news
2014-10-25 15:10:35,606 - twitternews - INFO - Writing 0 results from cnnpolitics


2014-10-25 15:10:40,611 - twitternews - INFO - Requesting from @WorldSportCNN and write to tw_cnnsport.news
2014-10-25 15:10:41,081 - twitternews - INFO - Opened output file tw_cnnsport.news
2014-10-25 15:10:41,081 - twitternews - INFO - Writing 0 results from WorldSportCNN


2014-10-25 15:10:46,086 - twitternews - INFO - Requesting from @BBCSport and write to tw_bbcsport.news
2014-10-25 15:10:46,562 - twitternews - INFO - Opened output file tw_bbcsport.news
2014-10-25 15:10:46,563 - twitternews - INFO - Writing 0 results from BBCSport


2014-10-25 15:10:51,567 - twitternews - INFO - Requesting from @cnntech and write to tw_cnntech.news
2014-10-25 15:10:52,066 - twitternews - INFO - Opened output file tw_cnntech.news
2014-10-25 15:10:52,066 - twitternews - INFO - Writing 0 results from cnntech


2014-10-25 15:10:57,069 - twitternews - INFO - Requesting from @BBCTech and write to tw_bbctech.news
2014-10-25 15:10:57,573 - twitternews - INFO - Opened output file tw_bbctech.news
2014-10-25 15:10:57,573 - twitternews - INFO - Writing 0 results from BBCTech


2014-10-25 15:11:02,575 - twitternews - INFO - Requesting from @BBCPolitics and write to tw_bbcpolitics.news
2014-10-25 15:11:03,048 - twitternews - INFO - Opened output file tw_bbcpolitics.news
2014-10-25 15:11:03,049 - twitternews - INFO - Writing 0 results from BBCPolitics


2014-10-25 15:11:08,054 - twitternews - INFO - Requesting from @cnnpolitics and write to tw_cnnpolitics.news
2014-10-25 15:11:08,523 - twitternews - INFO - Opened output file tw_cnnpolitics.news
2014-10-25 15:11:08,523 - twitternews - INFO - Writing 0 results from cnnpolitics


2014-10-25 15:11:13,526 - twitternews - INFO - Requesting from @WorldSportCNN and write to tw_cnnsport.news
2014-10-25 15:11:14,004 - twitternews - INFO - Opened output file tw_cnnsport.news
2014-10-25 15:11:14,004 - twitternews - INFO - Writing 0 results from WorldSportCNN


2014-10-25 15:11:19,007 - twitternews - INFO - Requesting from @BBCSport and write to tw_bbcsport.news
2014-10-25 15:11:19,491 - twitternews - INFO - Opened output file tw_bbcsport.news
2014-10-25 15:11:19,491 - twitternews - INFO - Writing 0 results from BBCSport


2014-10-25 15:11:24,494 - twitternews - INFO - Requesting from @cnntech and write to tw_cnntech.news
2014-10-25 15:11:24,973 - twitternews - INFO - Opened output file tw_cnntech.news
2014-10-25 15:11:24,974 - twitternews - INFO - Writing 0 results from cnntech


2014-10-25 15:11:29,979 - twitternews - INFO - Requesting from @BBCTech and write to tw_bbctech.news
2014-10-25 15:11:30,479 - twitternews - INFO - Opened output file tw_bbctech.news
2014-10-25 15:11:30,479 - twitternews - INFO - Writing 0 results from BBCTech


2014-10-25 15:11:35,484 - twitternews - INFO - Requesting from @BBCPolitics and write to tw_bbcpolitics.news
2014-10-25 15:11:35,953 - twitternews - INFO - Opened output file tw_bbcpolitics.news
2014-10-25 15:11:35,954 - twitternews - INFO - Writing 0 results from BBCPolitics


2014-10-25 15:11:40,954 - twitternews - INFO - Requesting from @cnnpolitics and write to tw_cnnpolitics.news
2014-10-25 15:11:41,424 - twitternews - INFO - Opened output file tw_cnnpolitics.news
2014-10-25 15:11:41,424 - twitternews - INFO - Writing 0 results from cnnpolitics


2014-10-25 15:11:46,429 - twitternews - INFO - Requesting from @WorldSportCNN and write to tw_cnnsport.news
2014-10-25 15:11:46,913 - twitternews - INFO - Opened output file tw_cnnsport.news
2014-10-25 15:11:46,913 - twitternews - INFO - Writing 0 results from WorldSportCNN


2014-10-25 15:11:51,915 - twitternews - INFO - Requesting from @BBCSport and write to tw_bbcsport.news
2014-10-25 15:11:52,380 - twitternews - INFO - Opened output file tw_bbcsport.news
2014-10-25 15:11:52,380 - twitternews - INFO - Writing 0 results from BBCSport


2014-10-25 15:11:57,385 - twitternews - INFO - Requesting from @cnntech and write to tw_cnntech.news
2014-10-25 15:11:57,866 - twitternews - INFO - Opened output file tw_cnntech.news
2014-10-25 15:11:57,866 - twitternews - INFO - Writing 0 results from cnntech


2014-10-25 15:12:02,871 - twitternews - INFO - Requesting from @BBCTech and write to tw_bbctech.news
2014-10-25 15:12:03,375 - twitternews - INFO - Opened output file tw_bbctech.news
2014-10-25 15:12:03,376 - twitternews - INFO - Writing 0 results from BBCTech


2014-10-25 15:12:08,377 - twitternews - INFO - Requesting from @BBCPolitics and write to tw_bbcpolitics.news
2014-10-25 15:12:08,854 - twitternews - INFO - Opened output file tw_bbcpolitics.news
2014-10-25 15:12:08,854 - twitternews - INFO - Writing 0 results from BBCPolitics


2014-10-25 15:12:13,855 - twitternews - INFO - Requesting from @cnnpolitics and write to tw_cnnpolitics.news
2014-10-25 15:12:14,341 - twitternews - INFO - Opened output file tw_cnnpolitics.news
2014-10-25 15:12:14,341 - twitternews - INFO - Writing 0 results from cnnpolitics


2014-10-25 15:12:19,345 - twitternews - INFO - Requesting from @WorldSportCNN and write to tw_cnnsport.news
2014-10-25 15:12:19,831 - twitternews - INFO - Opened output file tw_cnnsport.news
2014-10-25 15:12:19,831 - twitternews - INFO - Writing 0 results from WorldSportCNN


2014-10-25 15:12:24,833 - twitternews - INFO - Requesting from @BBCSport and write to tw_bbcsport.news
2014-10-25 15:12:25,319 - twitternews - INFO - Opened output file tw_bbcsport.news
2014-10-25 15:12:25,319 - twitternews - INFO - Writing 0 results from BBCSport


2014-10-25 15:12:30,325 - twitternews - INFO - Requesting from @cnntech and write to tw_cnntech.news
2014-10-25 15:12:30,802 - twitternews - INFO - Opened output file tw_cnntech.news
2014-10-25 15:12:30,802 - twitternews - INFO - Writing 0 results from cnntech


2014-10-25 15:12:35,807 - twitternews - INFO - Requesting from @BBCTech and write to tw_bbctech.news
2014-10-25 15:12:36,429 - twitternews - INFO - Opened output file tw_bbctech.news
2014-10-25 15:12:36,430 - twitternews - INFO - Writing 0 results from BBCTech


2014-10-25 15:12:41,434 - twitternews - INFO - Requesting from @BBCPolitics and write to tw_bbcpolitics.news
2014-10-25 15:12:41,924 - twitternews - INFO - Opened output file tw_bbcpolitics.news
2014-10-25 15:12:41,924 - twitternews - INFO - Writing 0 results from BBCPolitics


2014-10-25 15:12:46,927 - twitternews - INFO - Requesting from @cnnpolitics and write to tw_cnnpolitics.news
2014-10-25 15:12:47,413 - twitternews - INFO - Opened output file tw_cnnpolitics.news
2014-10-25 15:12:47,414 - twitternews - INFO - Writing 0 results from cnnpolitics


2014-10-25 15:12:52,414 - twitternews - INFO - Requesting from @WorldSportCNN and write to tw_cnnsport.news
2014-10-25 15:12:52,901 - twitternews - INFO - Opened output file tw_cnnsport.news
2014-10-25 15:12:52,901 - twitternews - INFO - Writing 0 results from WorldSportCNN


2014-10-25 15:12:57,907 - twitternews - INFO - Requesting from @BBCSport and write to tw_bbcsport.news
2014-10-25 15:12:58,384 - twitternews - INFO - Opened output file tw_bbcsport.news
2014-10-25 15:12:58,385 - twitternews - INFO - Writing 0 results from BBCSport


2014-10-25 15:13:03,390 - twitternews - INFO - Requesting from @cnntech and write to tw_cnntech.news
2014-10-25 15:13:03,881 - twitternews - INFO - Opened output file tw_cnntech.news
2014-10-25 15:13:03,881 - twitternews - INFO - Writing 0 results from cnntech


2014-10-25 15:13:08,886 - twitternews - INFO - Requesting from @BBCTech and write to tw_bbctech.news
2014-10-25 15:13:09,392 - twitternews - INFO - Opened output file tw_bbctech.news
2014-10-25 15:13:09,392 - twitternews - INFO - Writing 0 results from BBCTech


2014-10-25 15:13:14,397 - twitternews - INFO - Requesting from @BBCPolitics and write to tw_bbcpolitics.news
2014-10-25 15:13:14,898 - twitternews - INFO - Opened output file tw_bbcpolitics.news
2014-10-25 15:13:14,898 - twitternews - INFO - Writing 0 results from BBCPolitics


2014-10-25 15:13:19,903 - twitternews - INFO - Requesting from @cnnpolitics and write to tw_cnnpolitics.news
2014-10-25 15:13:20,396 - twitternews - INFO - Opened output file tw_cnnpolitics.news
2014-10-25 15:13:20,396 - twitternews - INFO - Writing 0 results from cnnpolitics


2014-10-25 15:13:25,397 - twitternews - INFO - Requesting from @WorldSportCNN and write to tw_cnnsport.news
2014-10-25 15:13:25,885 - twitternews - INFO - Opened output file tw_cnnsport.news
2014-10-25 15:13:25,885 - twitternews - INFO - Writing 0 results from WorldSportCNN


2014-10-25 15:13:30,890 - twitternews - INFO - Requesting from @BBCSport and write to tw_bbcsport.news
2014-10-25 15:13:31,377 - twitternews - INFO - Opened output file tw_bbcsport.news
2014-10-25 15:13:31,377 - twitternews - INFO - Writing 0 results from BBCSport


2014-10-25 15:13:36,382 - twitternews - INFO - Requesting from @cnntech and write to tw_cnntech.news
2014-10-25 15:13:36,849 - twitternews - INFO - Opened output file tw_cnntech.news
2014-10-25 15:13:36,849 - twitternews - INFO - Writing 0 results from cnntech


2014-10-25 15:13:41,854 - twitternews - INFO - Requesting from @BBCTech and write to tw_bbctech.news
2014-10-25 15:13:42,348 - twitternews - INFO - Opened output file tw_bbctech.news
2014-10-25 15:13:42,348 - twitternews - INFO - Writing 0 results from BBCTech


2014-10-25 15:13:47,351 - twitternews - INFO - Requesting from @BBCPolitics and write to tw_bbcpolitics.news
2014-10-25 15:13:47,830 - twitternews - INFO - Opened output file tw_bbcpolitics.news
2014-10-25 15:13:47,831 - twitternews - INFO - Writing 0 results from BBCPolitics


2014-10-25 15:13:52,836 - twitternews - INFO - Requesting from @cnnpolitics and write to tw_cnnpolitics.news
2014-10-25 15:13:53,313 - twitternews - INFO - Opened output file tw_cnnpolitics.news
2014-10-25 15:13:53,313 - twitternews - INFO - Writing 0 results from cnnpolitics


2014-10-25 15:13:58,315 - twitternews - INFO - Requesting from @WorldSportCNN and write to tw_cnnsport.news
2014-10-25 15:13:58,796 - twitternews - INFO - Opened output file tw_cnnsport.news
2014-10-25 15:13:58,796 - twitternews - INFO - Writing 0 results from WorldSportCNN


2014-10-25 15:14:03,799 - twitternews - INFO - Requesting from @BBCSport and write to tw_bbcsport.news
2014-10-25 15:14:04,264 - twitternews - INFO - Opened output file tw_bbcsport.news
2014-10-25 15:14:04,264 - twitternews - INFO - Writing 0 results from BBCSport


2014-10-25 15:14:09,269 - twitternews - INFO - Requesting from @cnntech and write to tw_cnntech.news
2014-10-25 15:14:09,752 - twitternews - INFO - Opened output file tw_cnntech.news
2014-10-25 15:14:09,752 - twitternews - INFO - Writing 0 results from cnntech


2014-10-25 15:14:14,757 - twitternews - INFO - Requesting from @BBCTech and write to tw_bbctech.news
2014-10-25 15:14:15,255 - twitternews - INFO - Opened output file tw_bbctech.news
2014-10-25 15:14:15,255 - twitternews - INFO - Writing 0 results from BBCTech


2014-10-25 15:14:20,260 - twitternews - INFO - Requesting from @BBCPolitics and write to tw_bbcpolitics.news
2014-10-25 15:14:20,750 - twitternews - INFO - Opened output file tw_bbcpolitics.news
2014-10-25 15:14:20,750 - twitternews - INFO - Writing 0 results from BBCPolitics


2014-10-25 15:14:25,751 - twitternews - INFO - Requesting from @cnnpolitics and write to tw_cnnpolitics.news
2014-10-25 15:14:26,227 - twitternews - INFO - Opened output file tw_cnnpolitics.news
2014-10-25 15:14:26,227 - twitternews - INFO - Writing 0 results from cnnpolitics


2014-10-25 15:14:31,231 - twitternews - INFO - Requesting from @WorldSportCNN and write to tw_cnnsport.news
2014-10-25 15:14:31,696 - twitternews - INFO - Opened output file tw_cnnsport.news
2014-10-25 15:14:31,696 - twitternews - INFO - Writing 0 results from WorldSportCNN


2014-10-25 15:14:36,701 - twitternews - INFO - Requesting from @BBCSport and write to tw_bbcsport.news
2014-10-25 15:14:37,170 - twitternews - INFO - Opened output file tw_bbcsport.news
2014-10-25 15:14:37,170 - twitternews - INFO - Writing 0 results from BBCSport


2014-10-25 15:14:42,175 - twitternews - INFO - Requesting from @cnntech and write to tw_cnntech.news
2014-10-25 15:14:42,657 - twitternews - INFO - Opened output file tw_cnntech.news
2014-10-25 15:14:42,657 - twitternews - INFO - Writing 0 results from cnntech


2014-10-25 15:14:47,662 - twitternews - INFO - Requesting from @BBCTech and write to tw_bbctech.news
2014-10-25 15:14:48,155 - twitternews - INFO - Opened output file tw_bbctech.news
2014-10-25 15:14:48,156 - twitternews - INFO - Writing 0 results from BBCTech


2014-10-25 15:14:53,156 - twitternews - INFO - Requesting from @BBCPolitics and write to tw_bbcpolitics.news
2014-10-25 15:14:53,692 - twitternews - INFO - Opened output file tw_bbcpolitics.news
2014-10-25 15:14:53,692 - twitternews - INFO - Writing 0 results from BBCPolitics


2014-10-25 15:14:58,695 - twitternews - INFO - Requesting from @cnnpolitics and write to tw_cnnpolitics.news
2014-10-25 15:14:59,169 - twitternews - INFO - Opened output file tw_cnnpolitics.news
2014-10-25 15:14:59,169 - twitternews - INFO - Writing 0 results from cnnpolitics


2014-10-25 15:15:04,171 - twitternews - INFO - Requesting from @WorldSportCNN and write to tw_cnnsport.news
2014-10-25 15:15:04,634 - twitternews - INFO - Opened output file tw_cnnsport.news
2014-10-25 15:15:04,635 - twitternews - INFO - Writing 0 results from WorldSportCNN


2014-10-25 15:15:09,639 - twitternews - INFO - Requesting from @BBCSport and write to tw_bbcsport.news
2014-10-25 15:15:10,121 - twitternews - INFO - Opened output file tw_bbcsport.news
2014-10-25 15:15:10,121 - twitternews - INFO - Writing 0 results from BBCSport


2014-10-25 15:15:15,123 - twitternews - INFO - Requesting from @cnntech and write to tw_cnntech.news
2014-10-25 15:15:15,590 - twitternews - INFO - Opened output file tw_cnntech.news
2014-10-25 15:15:15,591 - twitternews - INFO - Writing 0 results from cnntech


2014-10-25 15:15:20,595 - twitternews - INFO - Requesting from @BBCTech and write to tw_bbctech.news
2014-10-25 15:15:21,112 - twitternews - INFO - Opened output file tw_bbctech.news
2014-10-25 15:15:21,112 - twitternews - INFO - Writing 0 results from BBCTech


2014-10-25 15:15:26,115 - twitternews - INFO - Requesting from @BBCPolitics and write to tw_bbcpolitics.news
2014-10-25 15:15:26,599 - twitternews - INFO - Opened output file tw_bbcpolitics.news
2014-10-25 15:15:26,599 - twitternews - INFO - Writing 0 results from BBCPolitics


